[2024-11-14T00:05:00.791Z] INFO: Starting bot...
[2024-11-14T00:05:00.812Z] INFO: API Key: 6huebm
[2024-11-14T00:05:00.815Z] INFO: Server running on port 3000
[2024-11-14T00:05:01.823Z] INFO: Bot is ready and connected to Discord!
[2024-11-14T00:06:07.163Z] INFO: Starting bot...
[2024-11-14T00:06:07.183Z] INFO: API Key: pw5bel
[2024-11-14T00:06:07.187Z] INFO: Server running on port 5001
[2024-11-14T00:06:08.105Z] INFO: Bot is ready and connected to Discord!
[2024-11-15T13:14:14.799Z] INFO: Starting bot...
[2024-11-15T13:14:14.820Z] INFO: API Key: h8ly48
[2024-11-15T13:14:14.825Z] INFO: Server running on port 5001
[2024-11-15T13:14:16.710Z] ERROR: Failed to login to Discord: Error: Used disallowed intents
    at WebSocketShard.onClose (/Users/szymonsamus/attendance-tracker/node_modules/@discordjs/ws/dist/index.js:1149:18)
    at connection.onclose (/Users/szymonsamus/attendance-tracker/node_modules/@discordjs/ws/dist/index.js:686:17)
    at callListener (/Users/szymonsamus/attendance-tracker/node_modules/ws/lib/event-target.js:290:14)
    at WebSocket.onClose (/Users/szymonsamus/attendance-tracker/node_modules/ws/lib/event-target.js:220:9)
    at WebSocket.emit (node:events:519:28)
    at WebSocket.emitClose (/Users/szymonsamus/attendance-tracker/node_modules/ws/lib/websocket.js:272:10)
    at TLSSocket.socketOnClose (/Users/szymonsamus/attendance-tracker/node_modules/ws/lib/websocket.js:1341:15)
    at TLSSocket.emit (node:events:531:35)
    at node:net:338:12
    at TCP.done (node:_tls_wrap:657:7)
[2024-11-15T13:15:01.960Z] INFO: Starting bot...
[2024-11-15T13:15:01.980Z] INFO: API Key: yi1phd
[2024-11-15T13:15:01.984Z] INFO: Server running on port 5001
[2024-11-15T13:15:03.714Z] INFO: Bot is ready and connected to Discord!
[2024-11-15T13:17:35.368Z] INFO: Image downloaded: /Users/szymonsamus/attendance-tracker/images/1731676654937-d2cd99f1c88c39e0e908e43b655b241b.png
[2024-11-15T13:20:43.733Z] INFO: Starting bot...
[2024-11-15T13:20:43.749Z] INFO: API Key: qu9ul8
[2024-11-15T13:20:43.752Z] INFO: Server running on port 5001
[2024-11-15T13:20:45.318Z] INFO: Bot is ready and connected to Discord!
[2024-11-15T13:20:56.157Z] INFO: Image downloaded: /Users/szymonsamus/attendance-tracker/images/1731676855724-d2cd99f1c88c39e0e908e43b655b241b.png
[2024-11-15T13:45:09.607Z] INFO: Image downloaded: /Users/szymonsamus/attendance-tracker/images/1731678309091-d2cd99f1c88c39e0e908e43b655b241b.png
[2024-11-15T13:54:24.138Z] INFO: Starting bot...
[2024-11-15T13:54:24.157Z] INFO: API Key: qu9ul8
[2024-11-15T13:54:24.161Z] INFO: Server running on port 5001
[2024-11-15T13:54:25.276Z] INFO: Bot is ready and connected to Discord!
[2024-11-15T14:22:29.991Z] INFO: Starting bot...
[2024-11-15T14:22:30.011Z] INFO: API Key: qu9ul8
[2024-11-15T14:22:30.015Z] INFO: Server running on port 5001
[2024-11-15T14:22:31.408Z] INFO: Bot is ready and connected to Discord!
[2024-11-15T14:22:42.384Z] INFO: Image downloaded: /Users/szymonsamus/attendance-tracker/images/1731680561934-d2cd99f1c88c39e0e908e43b655b241b.png
[2024-11-18T02:40:22.243Z] INFO: Starting bot...
[2024-11-18T02:40:22.263Z] INFO: API Key: qu9ul8
[2024-11-18T02:40:22.268Z] INFO: Server running on port 5001
[2024-11-18T02:40:23.789Z] INFO: Bot is ready and connected to Discord!
[2024-11-18T02:40:49.300Z] INFO: Starting bot...
[2024-11-18T02:40:49.309Z] INFO: API Key: qu9ul8
[2024-11-18T02:40:49.312Z] INFO: Server running on port 5001
[2024-11-18T02:40:50.613Z] INFO: Bot is ready and connected to Discord!
[2024-11-18T02:42:47.095Z] INFO: Starting bot...
[2024-11-18T02:42:47.115Z] INFO: API Key: qu9ul8
[2024-11-18T02:42:47.119Z] INFO: Server running on port 5001
[2024-11-18T02:42:48.786Z] INFO: Logged in as AttendanceTest#9258
[2024-11-18T02:44:02.620Z] INFO: Image downloaded: /Users/szymonsamus/attendance-tracker/images/1731897842144-d2cd99f1c88c39e0e908e43b655b241b.png
[2024-11-18T02:44:48.755Z] ERROR: Uncaught Exception: Error [GuildMembersTimeout]: Members didn't arrive in time.
    at Timeout._onTimeout (/Users/szymonsamus/attendance-tracker/node_modules/discord.js/src/managers/GuildMemberManager.js:268:16)
    at listOnTimeout (node:internal/timers:573:17)
    at process.processTimers (node:internal/timers:514:7)
[2024-11-18T02:45:56.165Z] INFO: Starting bot...
[2024-11-18T02:45:56.182Z] INFO: API Key: qu9ul8
[2024-11-18T02:45:56.185Z] INFO: Server running on port 5001
[2024-11-18T02:45:57.581Z] INFO: Logged in as AttendanceTest#9258
[2024-11-18T02:47:57.580Z] ERROR: Uncaught Exception: Error [GuildMembersTimeout]: Members didn't arrive in time.
    at Timeout._onTimeout (/Users/szymonsamus/attendance-tracker/node_modules/discord.js/src/managers/GuildMemberManager.js:268:16)
    at listOnTimeout (node:internal/timers:573:17)
    at process.processTimers (node:internal/timers:514:7)
[2024-11-18T02:49:31.048Z] INFO: Starting bot...
[2024-11-18T02:49:31.065Z] INFO: API Key: qu9ul8
[2024-11-18T02:49:31.068Z] INFO: Server running on port 5001
[2024-11-18T02:49:32.613Z] INFO: Logged in as AttendanceTest#9258
[2024-11-18T02:49:33.013Z] INFO: Members with role:
[2024-11-18T02:52:38.962Z] INFO: Starting bot...
[2024-11-18T02:52:38.980Z] INFO: API Key: qu9ul8
[2024-11-18T02:52:38.983Z] INFO: Server running on port 5001
[2024-11-18T02:52:40.311Z] INFO: Logged in as AttendanceTest#9258
[2024-11-18T02:52:40.472Z] INFO: Members with role:
[2024-11-18T02:54:48.912Z] INFO: Starting bot...
[2024-11-18T02:54:48.930Z] INFO: API Key: qu9ul8
[2024-11-18T02:54:48.933Z] INFO: Server running on port 5001
[2024-11-18T02:54:50.356Z] INFO: Logged in as AttendanceTest#9258
[2024-11-18T02:54:50.661Z] INFO: Fetched members:
[2024-11-18T02:54:50.662Z] INFO: Members with role:
[2024-11-18T02:56:05.542Z] INFO: Starting bot...
[2024-11-18T02:56:05.559Z] INFO: API Key: qu9ul8
[2024-11-18T02:56:05.562Z] INFO: Server running on port 5001
[2024-11-18T02:56:07.052Z] INFO: Logged in as AttendanceTest#9258
[2024-11-18T02:56:07.291Z] INFO: Fetched members:
[2024-11-18T02:56:07.292Z] INFO: Members with role:
[2024-11-18T02:59:29.424Z] INFO: Starting bot...
[2024-11-18T02:59:29.442Z] INFO: API Key: qu9ul8
[2024-11-18T02:59:29.446Z] INFO: Server running on port 5001
[2024-11-18T02:59:30.960Z] INFO: Logged in as AttendanceTest#9258
[2024-11-18T02:59:31.295Z] INFO: Members with role:
[2024-11-18T02:59:31.296Z] INFO: Members with role:
[2024-11-18T03:03:51.555Z] INFO: Starting bot...
[2024-11-18T03:03:51.571Z] INFO: API Key: qu9ul8
[2024-11-18T03:03:51.575Z] INFO: Server running on port 5001
[2024-11-18T03:03:53.515Z] INFO: Logged in as AttendanceTest#9258
[2024-11-18T03:03:53.835Z] INFO: Fetched members:
[2024-11-18T03:03:53.836Z] INFO: Members with role:
[2024-11-18T03:06:18.278Z] INFO: Starting bot...
[2024-11-18T03:06:18.295Z] INFO: API Key: qu9ul8
[2024-11-18T03:06:18.298Z] INFO: Server running on port 5001
[2024-11-18T03:06:19.657Z] INFO: Logged in as AttendanceTest#9258
[2024-11-18T03:06:19.658Z] INFO: Fetching all members...
[2024-11-18T03:06:19.879Z] INFO: All members fetched
[2024-11-18T03:06:19.880Z] INFO: Filtered members with role:
[2024-11-18T03:06:19.880Z] INFO: Members with role:
[2024-11-18T03:07:18.214Z] INFO: Starting bot...
[2024-11-18T03:07:18.223Z] INFO: API Key: qu9ul8
[2024-11-18T03:07:18.227Z] INFO: Server running on port 5001
[2024-11-18T03:07:19.763Z] INFO: Logged in as AttendanceTest#9258
[2024-11-18T03:07:19.764Z] INFO: Fetching all members...
[2024-11-18T03:07:20.062Z] INFO: All members fetched
[2024-11-18T03:07:20.063Z] INFO: Filtered members with role:
[2024-11-18T03:07:20.063Z] INFO: Members with role:
[2024-11-18T03:19:20.949Z] INFO: Starting bot...
[2024-11-18T03:19:20.969Z] INFO: API Key: qu9ul8
[2024-11-18T03:19:20.974Z] INFO: Server running on port 5001
[2024-11-18T03:19:22.483Z] INFO: Logged in as AttendanceTest#9258
[2024-11-18T03:19:22.484Z] INFO: Fetching all members...
[2024-11-18T03:19:22.789Z] INFO: All members fetched
[2024-11-18T03:19:22.789Z] INFO: 1307896233217757255
[2024-11-18T03:19:22.789Z] INFO: Filtered members with role:
[2024-11-18T03:19:22.789Z] INFO: Members with role:
[2024-11-18T03:20:16.448Z] INFO: Starting bot...
[2024-11-18T03:20:16.466Z] INFO: API Key: qu9ul8
[2024-11-18T03:20:16.469Z] INFO: Server running on port 5001
[2024-11-18T03:20:17.699Z] INFO: Logged in as AttendanceTest#9258
[2024-11-18T03:20:17.700Z] INFO: Fetching all members...
[2024-11-18T03:20:17.917Z] INFO: All members fetched
[2024-11-18T03:20:17.917Z] INFO: 1307896233217757255
[2024-11-18T03:20:17.918Z] INFO: 1306969234261147718,519658224312516609
[2024-11-18T03:20:17.918Z] INFO: Filtered members with role:
[2024-11-18T03:20:17.919Z] INFO: Members with role:
[2024-11-18T03:20:41.566Z] INFO: Starting bot...
[2024-11-18T03:20:41.583Z] INFO: API Key: qu9ul8
[2024-11-18T03:20:41.586Z] INFO: Server running on port 5001
[2024-11-18T03:20:43.119Z] INFO: Logged in as AttendanceTest#9258
[2024-11-18T03:20:43.120Z] INFO: Fetching all members...
[2024-11-18T03:20:43.428Z] INFO: All members fetched
[2024-11-18T03:20:43.428Z] INFO: 1307896233217757255
[2024-11-18T03:20:43.429Z] INFO: ,
[2024-11-18T03:20:43.429Z] INFO: Filtered members with role:
[2024-11-18T03:20:43.430Z] INFO: Members with role:
[2024-11-18T03:22:36.474Z] INFO: Starting bot...
[2024-11-18T03:22:36.491Z] INFO: API Key: qu9ul8
[2024-11-18T03:22:36.494Z] INFO: Server running on port 5001
[2024-11-18T03:22:37.876Z] INFO: Logged in as AttendanceTest#9258
[2024-11-18T03:22:37.877Z] INFO: Fetching all members...
[2024-11-18T03:22:38.049Z] INFO: All members fetched
[2024-11-18T03:22:38.049Z] INFO: 1306969234261147718,519658224312516609
[2024-11-18T03:22:38.050Z] INFO: Filtered members with role:
[2024-11-18T03:22:38.050Z] INFO: Members with role:
[2024-11-18T03:27:18.677Z] INFO: Starting bot...
[2024-11-18T03:27:18.696Z] INFO: API Key: qu9ul8
[2024-11-18T03:27:18.699Z] INFO: Server running on port 5001
[2024-11-18T03:27:19.991Z] INFO: Logged in as AttendanceTest#9258
[2024-11-18T03:27:19.992Z] INFO: Fetching all members...
[2024-11-18T03:27:20.216Z] INFO: All members fetched
[2024-11-18T03:27:20.217Z] INFO: Fetched members:
[2024-11-18T03:27:20.217Z] INFO: Filtered members with role:
[2024-11-18T03:27:20.217Z] INFO: Members with role:
[2024-11-18T03:28:00.293Z] INFO: Starting bot...
[2024-11-18T03:28:00.310Z] INFO: API Key: qu9ul8
[2024-11-18T03:28:00.313Z] INFO: Server running on port 5001
[2024-11-18T03:28:01.992Z] INFO: Logged in as AttendanceTest#9258
[2024-11-18T03:28:01.993Z] INFO: Fetching all members...
[2024-11-18T03:28:02.193Z] INFO: All members fetched
[2024-11-18T03:28:02.194Z] INFO: Fetched members:
[2024-11-18T03:28:02.194Z] INFO: Filtered members with role:
[2024-11-18T03:28:02.195Z] INFO: Members with role:
[2024-11-18T03:28:51.456Z] INFO: Starting bot...
[2024-11-18T03:28:51.473Z] INFO: API Key: qu9ul8
[2024-11-18T03:28:51.476Z] INFO: Server running on port 5001
[2024-11-18T03:28:52.709Z] INFO: Logged in as AttendanceTest#9258
[2024-11-18T03:28:52.709Z] INFO: Fetching all members...
[2024-11-18T03:28:52.880Z] INFO: All members fetched
[2024-11-18T03:28:52.880Z] INFO: 1306969234261147718,519658224312516609
[2024-11-18T03:28:52.881Z] INFO: Filtered members with role:
[2024-11-18T03:28:52.881Z] INFO: Members with role:
[2024-11-18T03:29:24.040Z] INFO: Starting bot...
[2024-11-18T03:29:24.057Z] INFO: API Key: qu9ul8
[2024-11-18T03:29:24.060Z] INFO: Server running on port 5001
[2024-11-18T03:29:25.158Z] INFO: Logged in as AttendanceTest#9258
[2024-11-18T03:29:25.159Z] INFO: Fetching all members...
[2024-11-18T03:29:25.355Z] INFO: All members fetched
[2024-11-18T03:29:25.355Z] INFO: AttendanceTest,shhmon
[2024-11-18T03:29:25.356Z] INFO: Filtered members with role:
[2024-11-18T03:29:25.356Z] INFO: Members with role:
[2024-11-18T03:30:18.879Z] INFO: Starting bot...
[2024-11-18T03:30:18.897Z] INFO: API Key: qu9ul8
[2024-11-18T03:30:18.900Z] INFO: Server running on port 5001
[2024-11-18T03:30:20.137Z] INFO: Logged in as AttendanceTest#9258
[2024-11-18T03:30:20.138Z] INFO: Fetching all members...
[2024-11-18T03:30:20.327Z] INFO: All members fetched
[2024-11-18T03:30:20.328Z] INFO: AttendanceTest,shhmon
[2024-11-18T03:30:20.329Z] INFO: Filtered members with role:
[2024-11-18T03:30:20.329Z] INFO: Members with role:
[2024-11-18T03:33:17.556Z] INFO: Starting bot...
[2024-11-18T03:33:17.573Z] INFO: API Key: qu9ul8
[2024-11-18T03:33:17.576Z] INFO: Server running on port 5001
[2024-11-18T03:33:18.950Z] INFO: Logged in as AttendanceTest#9258
[2024-11-18T03:33:18.951Z] INFO: Fetching all members...
[2024-11-18T03:33:19.112Z] INFO: All members fetched
[2024-11-18T03:33:19.112Z] ERROR: Error fetching members: TypeError: Fetched Members: is not a function
    at _Collection.map (/Users/szymonsamus/attendance-tracker/node_modules/@discordjs/collection/dist/index.js:236:13)
    at Client.<anonymous> (/Users/szymonsamus/attendance-tracker/bot.js:255:28)
    at process.processTicksAndRejections (node:internal/process/task_queues:95:5)
[2024-11-18T03:35:19.316Z] INFO: Starting bot...
[2024-11-18T03:35:19.333Z] INFO: API Key: qu9ul8
[2024-11-18T03:35:19.336Z] INFO: Server running on port 5001
[2024-11-18T03:35:20.543Z] INFO: Logged in as AttendanceTest#9258
[2024-11-18T03:35:20.543Z] INFO: Fetching all members...
[2024-11-18T03:35:20.758Z] INFO: All members fetched
[2024-11-18T03:35:20.758Z] INFO: Fetched Members:
[2024-11-18T03:35:20.759Z] INFO: Members with role:
[2024-11-18T03:35:54.883Z] INFO: Starting bot...
[2024-11-18T03:35:54.900Z] INFO: API Key: qu9ul8
[2024-11-18T03:35:54.903Z] INFO: Server running on port 5001
[2024-11-18T03:35:56.074Z] INFO: Logged in as AttendanceTest#9258
[2024-11-18T03:35:56.075Z] INFO: Fetching all members...
[2024-11-18T03:35:56.278Z] INFO: All members fetched
[2024-11-18T03:35:56.279Z] INFO: Fetched Members:
[2024-11-18T03:35:56.279Z] INFO: Members with role:
[2024-11-18T03:36:09.470Z] INFO: Starting bot...
[2024-11-18T03:36:09.478Z] INFO: API Key: qu9ul8
[2024-11-18T03:36:09.482Z] INFO: Server running on port 5001
[2024-11-18T03:36:10.714Z] INFO: Logged in as AttendanceTest#9258
[2024-11-18T03:36:10.715Z] INFO: Fetching all members...
[2024-11-18T03:36:10.900Z] INFO: All members fetched
[2024-11-18T03:36:10.901Z] INFO: AttendanceTest,shhmon
[2024-11-18T03:36:42.801Z] INFO: Starting bot...
[2024-11-18T03:36:42.810Z] INFO: API Key: qu9ul8
[2024-11-18T03:36:42.813Z] INFO: Server running on port 5001
[2024-11-18T03:36:44.048Z] INFO: Logged in as AttendanceTest#9258
[2024-11-18T03:36:44.048Z] INFO: Fetching all members...
[2024-11-18T03:36:44.225Z] INFO: All members fetched
[2024-11-18T03:36:44.226Z] INFO: Fetched Members:
[2024-11-18T03:38:14.778Z] INFO: Starting bot...
[2024-11-18T03:38:14.796Z] INFO: API Key: qu9ul8
[2024-11-18T03:38:14.799Z] INFO: Server running on port 5001
[2024-11-18T03:38:15.891Z] INFO: Logged in as AttendanceTest#9258
[2024-11-18T03:38:15.892Z] INFO: Fetching all members...
[2024-11-18T03:38:16.116Z] INFO: All members fetched
[2024-11-18T03:38:16.116Z] INFO: Fetched Members: AttendanceTest, shhmon
[2024-11-18T03:39:20.289Z] INFO: Starting bot...
[2024-11-18T03:39:20.306Z] INFO: API Key: qu9ul8
[2024-11-18T03:39:20.309Z] INFO: Server running on port 5001
[2024-11-18T03:39:21.485Z] INFO: Logged in as AttendanceTest#9258
[2024-11-18T03:39:21.486Z] INFO: Fetching all members...
[2024-11-18T03:39:21.696Z] INFO: All members fetched
[2024-11-18T03:39:21.696Z] INFO: Fetched Members: AttendanceTest, shhmon
[2024-11-18T03:39:21.697Z] INFO: Members with role: shhmon
[2024-11-18T03:39:54.386Z] INFO: Starting bot...
[2024-11-18T03:39:54.403Z] INFO: API Key: qu9ul8
[2024-11-18T03:39:54.407Z] INFO: Server running on port 5001
[2024-11-18T03:39:55.685Z] INFO: Logged in as AttendanceTest#9258
[2024-11-18T03:39:55.686Z] INFO: Fetching all members...
[2024-11-18T03:39:55.847Z] INFO: All members fetched
[2024-11-18T03:39:55.848Z] INFO: Fetched Members: AttendanceTest, shhmon
[2024-11-18T03:39:55.848Z] INFO: Members with role: shhmon
[2024-11-18T03:39:55.849Z] INFO: Members with role: shhmon
[2024-11-18T03:44:27.544Z] INFO: Starting bot...
[2024-11-18T03:44:27.561Z] INFO: API Key: qu9ul8
[2024-11-18T03:44:27.564Z] INFO: Server running on port 5001
[2024-11-18T03:44:28.716Z] INFO: Logged in as AttendanceTest#9258
[2024-11-18T03:44:28.717Z] INFO: Fetching all members...
[2024-11-18T03:44:28.885Z] INFO: All members fetched
[2024-11-18T03:44:28.885Z] INFO: Fetched Members: AttendanceTest, shhmon
[2024-11-18T03:44:28.886Z] INFO: Members with role: shhmon
[2024-11-18T03:44:28.886Z] INFO: Members with role: shhmon
[2024-11-18T03:48:21.075Z] INFO: Starting bot...
[2024-11-18T03:48:21.093Z] INFO: API Key: qu9ul8
[2024-11-18T03:48:21.096Z] INFO: Server running on port 5001
[2024-11-18T03:48:22.663Z] INFO: Logged in as AttendanceTest#9258
[2024-11-18T03:48:22.664Z] INFO: Fetching all members...
[2024-11-18T03:48:22.962Z] INFO: All members fetched
[2024-11-18T03:48:22.963Z] INFO: Fetched Members: , 
[2024-11-18T03:48:22.963Z] INFO: Members with role: 
[2024-11-18T03:48:22.963Z] INFO: Members with role: 
[2024-11-18T03:48:50.144Z] INFO: Starting bot...
[2024-11-18T03:48:50.161Z] INFO: API Key: qu9ul8
[2024-11-18T03:48:50.164Z] INFO: Server running on port 5001
[2024-11-18T03:48:51.611Z] INFO: Logged in as AttendanceTest#9258
[2024-11-18T03:48:51.612Z] INFO: Fetching all members...
[2024-11-18T03:48:51.941Z] INFO: All members fetched
[2024-11-18T03:48:51.941Z] INFO: Fetched Members: , 
[2024-11-18T03:48:51.942Z] INFO: Members with role: 
[2024-11-18T03:48:51.942Z] INFO: Members with role: 
[2024-11-18T03:49:34.263Z] INFO: Starting bot...
[2024-11-18T03:49:34.280Z] INFO: API Key: qu9ul8
[2024-11-18T03:49:34.283Z] INFO: Server running on port 5001
[2024-11-18T03:49:35.621Z] INFO: Logged in as AttendanceTest#9258
[2024-11-18T03:49:35.622Z] INFO: Fetching all members...
[2024-11-18T03:49:35.973Z] INFO: All members fetched
[2024-11-18T03:49:35.974Z] INFO: Fetched Members: , 
[2024-11-18T03:49:35.974Z] INFO: Members with role: 
[2024-11-18T03:49:35.974Z] INFO: Members with role: 
[2024-11-18T03:49:48.116Z] INFO: Starting bot...
[2024-11-18T03:49:48.133Z] INFO: API Key: qu9ul8
[2024-11-18T03:49:48.136Z] INFO: Server running on port 5001
[2024-11-18T03:49:49.398Z] INFO: Logged in as AttendanceTest#9258
[2024-11-18T03:49:49.398Z] INFO: Fetching all members...
[2024-11-18T03:49:49.797Z] INFO: All members fetched
[2024-11-18T03:49:49.798Z] INFO: Fetched Members: AttendanceTest, shhmon
[2024-11-18T03:49:49.798Z] INFO: Members with role: shhmon
[2024-11-18T03:49:49.798Z] INFO: Members with role: shhmon
[2024-11-18T03:51:17.121Z] INFO: Starting bot...
[2024-11-18T03:51:17.138Z] INFO: API Key: qu9ul8
[2024-11-18T03:51:17.141Z] INFO: Server running on port 5001
[2024-11-18T03:51:18.504Z] INFO: Logged in as AttendanceTest#9258
[2024-11-18T03:51:18.505Z] INFO: Fetching all members...
[2024-11-18T03:51:18.686Z] INFO: All members fetched
[2024-11-18T03:51:18.687Z] INFO: Fetched Members: AttendanceTest, shhmon
[2024-11-18T03:51:18.688Z] INFO: Members with role: shhmon
[2024-11-18T03:51:18.688Z] INFO: Members with role: shhmon
[2024-11-18T03:51:38.397Z] INFO: Starting bot...
[2024-11-18T03:51:38.413Z] INFO: API Key: qu9ul8
[2024-11-18T03:51:38.416Z] INFO: Server running on port 5001
[2024-11-18T03:51:39.618Z] INFO: Logged in as AttendanceTest#9258
[2024-11-18T03:51:39.618Z] INFO: Fetching all members...
[2024-11-18T03:51:39.982Z] INFO: All members fetched
[2024-11-18T03:51:39.982Z] INFO: Fetched Members: AttendanceTest, shhmon
[2024-11-18T03:51:39.983Z] INFO: Members with role: shhmon
[2024-11-18T03:51:39.983Z] INFO: Members with role: shhmon
[2024-11-18T03:54:52.089Z] INFO: Starting bot...
[2024-11-18T03:54:52.107Z] INFO: API Key: qu9ul8
[2024-11-18T03:54:52.110Z] INFO: Server running on port 5001
[2024-11-18T03:54:53.537Z] INFO: Logged in as AttendanceTest#9258
[2024-11-18T03:54:53.538Z] INFO: Fetching all members...
[2024-11-18T03:54:53.929Z] INFO: All members fetched
[2024-11-18T03:54:53.930Z] INFO: Fetched Members: AttendanceTest, shhmon
[2024-11-18T03:54:53.931Z] INFO: Members with role: Napocalypse
[2024-11-18T03:54:53.931Z] INFO: Members with role: Napocalypse
[2024-11-22T23:52:51.698Z] INFO: Starting bot...
[2024-11-22T23:52:51.707Z] INFO: API Key: qu9ul8
[2024-11-22T23:52:51.711Z] INFO: Server running on port 5001
[2024-11-22T23:52:52.834Z] INFO: Logged in as AttendanceTest#9258
[2024-11-22T23:52:52.835Z] INFO: Fetching all members...
[2024-11-22T23:52:53.019Z] INFO: All members fetched
[2024-11-22T23:52:53.019Z] INFO: Fetched Members: AttendanceTest, ripi___, _herzog, sirewald, shhmon, voncloudy
[2024-11-22T23:52:53.020Z] INFO: Members with role: Ripii, Hasrudiin, Ewaldi, Napocalypse, vonCloud
[2024-11-22T23:52:53.021Z] INFO: Members with role: Ripii, Hasrudiin, Ewaldi, Napocalypse, vonCloud
[2024-11-23T00:19:17.147Z] INFO: Starting bot...
[2024-11-23T00:19:17.263Z] INFO: API Key: qu9ul8
[2024-11-23T00:19:17.280Z] INFO: Server running on port 5001
[2024-11-23T00:19:23.916Z] INFO: Logged in as AttendanceTest#9258
[2024-11-23T00:19:23.920Z] ERROR: Uncaught Exception: ReferenceError: REST is not defined
    at Client.<anonymous> (/Users/szymonsamus/attendance-tracker-dev/bot.js:153:18)
    at Object.onceWrapper (node:events:634:26)
    at Client.emit (node:events:519:28)
    at WebSocketManager.triggerClientReady (/Users/szymonsamus/attendance-tracker-dev/node_modules/discord.js/src/client/websocket/WebSocketManager.js:381:17)
    at WebSocketManager.checkShardsReady (/Users/szymonsamus/attendance-tracker-dev/node_modules/discord.js/src/client/websocket/WebSocketManager.js:364:10)
    at WebSocketShard.<anonymous> (/Users/szymonsamus/attendance-tracker-dev/node_modules/discord.js/src/client/websocket/WebSocketManager.js:194:16)
    at WebSocketShard.emit (node:events:519:28)
    at WebSocketShard.checkReady (/Users/szymonsamus/attendance-tracker-dev/node_modules/discord.js/src/client/websocket/WebSocketShard.js:184:12)
    at WebSocketShard.gotGuild (/Users/szymonsamus/attendance-tracker-dev/node_modules/discord.js/src/client/websocket/WebSocketShard.js:158:10)
    at WebSocketManager.<anonymous> (/Users/szymonsamus/attendance-tracker-dev/node_modules/discord.js/src/client/websocket/WebSocketManager.js:234:15)
[2024-11-23T00:20:30.380Z] INFO: Starting bot...
[2024-11-23T00:20:30.398Z] INFO: API Key: qu9ul8
[2024-11-23T00:20:30.400Z] INFO: Server running on port 5001
[2024-11-23T00:20:37.443Z] INFO: Logged in as AttendanceTest#9258
[2024-11-23T00:20:37.447Z] ERROR: Error registering application (/) commands: ReferenceError: Cannot access 'guild' before initialization
    at Client.<anonymous> (/Users/szymonsamus/attendance-tracker-dev/bot.js:157:63)
    at Object.onceWrapper (node:events:634:26)
    at Client.emit (node:events:519:28)
    at WebSocketManager.triggerClientReady (/Users/szymonsamus/attendance-tracker-dev/node_modules/discord.js/src/client/websocket/WebSocketManager.js:381:17)
    at WebSocketManager.checkShardsReady (/Users/szymonsamus/attendance-tracker-dev/node_modules/discord.js/src/client/websocket/WebSocketManager.js:364:10)
    at WebSocketShard.<anonymous> (/Users/szymonsamus/attendance-tracker-dev/node_modules/discord.js/src/client/websocket/WebSocketManager.js:194:16)
    at WebSocketShard.emit (node:events:519:28)
    at WebSocketShard.checkReady (/Users/szymonsamus/attendance-tracker-dev/node_modules/discord.js/src/client/websocket/WebSocketShard.js:184:12)
    at WebSocketShard.gotGuild (/Users/szymonsamus/attendance-tracker-dev/node_modules/discord.js/src/client/websocket/WebSocketShard.js:158:10)
    at WebSocketManager.<anonymous> (/Users/szymonsamus/attendance-tracker-dev/node_modules/discord.js/src/client/websocket/WebSocketManager.js:234:15)
[2024-11-23T00:20:37.450Z] ERROR: Bot not configured! Please run the /setup command. undefined
[2024-11-23T00:22:38.212Z] INFO: Starting bot...
[2024-11-23T00:22:38.230Z] INFO: API Key: qu9ul8
[2024-11-23T00:22:38.233Z] INFO: Server running on port 5001
[2024-11-23T00:22:45.631Z] INFO: Logged in as AttendanceTest#9258
[2024-11-23T00:22:45.632Z] ERROR: Bot not configured! Please run the /setup command. undefined
[2024-11-23T00:24:26.140Z] INFO: Starting bot...
[2024-11-23T00:24:26.158Z] INFO: API Key: qu9ul8
[2024-11-23T00:24:26.160Z] INFO: Server running on port 5001
[2024-11-23T00:24:32.955Z] INFO: Logged in as AttendanceTest#9258
[2024-11-23T00:24:32.955Z] ERROR: Bot not configured! Please run the /setup command. undefined
[2024-11-23T00:28:40.979Z] INFO: Starting bot...
[2024-11-23T00:28:40.996Z] INFO: API Key: qu9ul8
[2024-11-23T00:28:40.999Z] INFO: Server running on port 5001
[2024-11-23T00:28:47.601Z] INFO: Logged in as AttendanceTest#9258
[2024-11-23T00:28:47.602Z] ERROR: Error registering application (/) commands: ReferenceError: Cannot access 'commands' before initialization
    at Client.<anonymous> (/Users/szymonsamus/attendance-tracker-dev/bot.js:141:21)
    at Object.onceWrapper (node:events:634:26)
    at Client.emit (node:events:519:28)
    at WebSocketManager.triggerClientReady (/Users/szymonsamus/attendance-tracker-dev/node_modules/discord.js/src/client/websocket/WebSocketManager.js:381:17)
    at WebSocketManager.checkShardsReady (/Users/szymonsamus/attendance-tracker-dev/node_modules/discord.js/src/client/websocket/WebSocketManager.js:364:10)
    at WebSocketShard.<anonymous> (/Users/szymonsamus/attendance-tracker-dev/node_modules/discord.js/src/client/websocket/WebSocketManager.js:194:16)
    at WebSocketShard.emit (node:events:519:28)
    at WebSocketShard.checkReady (/Users/szymonsamus/attendance-tracker-dev/node_modules/discord.js/src/client/websocket/WebSocketShard.js:184:12)
    at WebSocketShard.gotGuild (/Users/szymonsamus/attendance-tracker-dev/node_modules/discord.js/src/client/websocket/WebSocketShard.js:158:10)
    at WebSocketManager.<anonymous> (/Users/szymonsamus/attendance-tracker-dev/node_modules/discord.js/src/client/websocket/WebSocketManager.js:234:15)
[2024-11-23T00:28:47.605Z] ERROR: Bot not configured! Please run the /setup command. undefined
[2024-11-23T00:31:43.983Z] INFO: Starting bot...
[2024-11-23T00:31:44.001Z] INFO: API Key: qu9ul8
[2024-11-23T00:31:44.004Z] INFO: Server running on port 5001
[2024-11-23T00:31:51.500Z] INFO: Logged in as AttendanceTest#9258
[2024-11-23T00:31:51.837Z] ERROR: Error registering application (/) commands: DiscordAPIError[50035]: Invalid Form Body
guild_id[NUMBER_TYPE_COERCE]: Value "undefined" is not snowflake.
    at handleErrors (/Users/szymonsamus/attendance-tracker-dev/node_modules/@discordjs/rest/dist/index.js:727:13)
    at process.processTicksAndRejections (node:internal/process/task_queues:95:5)
    at async SequentialHandler.runRequest (/Users/szymonsamus/attendance-tracker-dev/node_modules/@discordjs/rest/dist/index.js:1128:23)
    at async SequentialHandler.queueRequest (/Users/szymonsamus/attendance-tracker-dev/node_modules/@discordjs/rest/dist/index.js:959:14)
    at async _REST.request (/Users/szymonsamus/attendance-tracker-dev/node_modules/@discordjs/rest/dist/index.js:1272:22)
    at async Client.<anonymous> (/Users/szymonsamus/attendance-tracker-dev/bot.js:150:9)
[2024-11-23T00:31:51.843Z] ERROR: Bot not configured! Please run the /setup command. undefined
[2024-11-23T00:38:44.458Z] INFO: Starting bot...
[2024-11-23T00:38:44.477Z] INFO: API Key: qu9ul8
[2024-11-23T00:38:44.479Z] INFO: Server running on port 5001
[2024-11-23T00:38:51.212Z] INFO: Logged in as AttendanceTest#9258
[2024-11-23T00:38:51.593Z] ERROR: Error registering application (/) commands: DiscordAPIError[50035]: Invalid Form Body
guild_id[NUMBER_TYPE_COERCE]: Value "undefined" is not snowflake.
    at handleErrors (/Users/szymonsamus/attendance-tracker-dev/node_modules/@discordjs/rest/dist/index.js:727:13)
    at process.processTicksAndRejections (node:internal/process/task_queues:95:5)
    at async SequentialHandler.runRequest (/Users/szymonsamus/attendance-tracker-dev/node_modules/@discordjs/rest/dist/index.js:1128:23)
    at async SequentialHandler.queueRequest (/Users/szymonsamus/attendance-tracker-dev/node_modules/@discordjs/rest/dist/index.js:959:14)
    at async _REST.request (/Users/szymonsamus/attendance-tracker-dev/node_modules/@discordjs/rest/dist/index.js:1272:22)
    at async Client.<anonymous> (/Users/szymonsamus/attendance-tracker-dev/bot.js:150:9)
[2024-11-23T00:38:51.599Z] ERROR: Bot not configured! Please run the /setup command. undefined
[2024-11-23T00:41:32.608Z] INFO: Starting bot...
[2024-11-23T00:41:32.626Z] INFO: API Key: qu9ul8
[2024-11-23T00:41:32.629Z] INFO: Server running on port 5001
[2024-11-23T00:41:34.086Z] INFO: Logged in as AttendanceTest#9258
[2024-11-23T00:41:34.489Z] INFO: Successfully registered application (/) commands.
[2024-11-23T00:41:34.490Z] ERROR: Bot not configured! Please run the /setup command. undefined
[2024-11-23T00:49:58.666Z] INFO: Starting bot...
[2024-11-23T00:49:58.692Z] INFO: API Key: qu9ul8
[2024-11-23T00:49:58.696Z] INFO: Server running on port 5001
[2024-11-23T00:50:00.536Z] INFO: Logged in as AttendanceTest#9258
[2024-11-23T00:50:01.044Z] INFO: Successfully registered application (/) commands.
[2024-11-23T00:50:43.950Z] INFO: Fetching all members...
[2024-11-23T00:50:44.161Z] INFO: All members fetched
[2024-11-23T00:50:44.162Z] INFO: Fetched Members: AttendanceTest, shhmon, ripi___, _herzog, sirewald, voncloudy
[2024-11-23T00:50:44.163Z] INFO: Members with role: Napocalypse, Ripii, Hasrudiin, Ewaldi, vonCloud
[2024-11-23T00:50:44.163Z] INFO: Members with role: Napocalypse, Ripii, Hasrudiin, Ewaldi, vonCloud
[2024-11-23T00:55:09.119Z] INFO: Starting bot...
[2024-11-23T00:55:09.137Z] INFO: API Key: qu9ul8
[2024-11-23T00:55:09.140Z] INFO: Server running on port 5001
[2024-11-23T00:55:16.339Z] INFO: Logged in as AttendanceTest#9258
[2024-11-23T00:55:16.845Z] INFO: Successfully registered application (/) commands.
[2024-11-23T00:55:59.928Z] INFO: Fetching all members...
[2024-11-23T00:56:00.103Z] INFO: All members fetched
[2024-11-23T00:56:00.104Z] INFO: Fetched Members: AttendanceTest, shhmon, ripi___, _herzog, sirewald, voncloudy
[2024-11-23T00:56:00.105Z] INFO: Members with role: Napocalypse, Ripii, Hasrudiin, Ewaldi, vonCloud
[2024-11-23T00:56:00.106Z] INFO: Members with role: Napocalypse, Ripii, Hasrudiin, Ewaldi, vonCloud
[2024-11-23T00:57:18.571Z] INFO: Starting bot...
[2024-11-23T00:57:18.589Z] INFO: API Key: qu9ul8
[2024-11-23T00:57:18.592Z] INFO: Server running on port 5001
[2024-11-23T00:57:20.006Z] INFO: Logged in as AttendanceTest#9258
[2024-11-23T00:57:20.412Z] INFO: Successfully registered application (/) commands.
[2024-11-23T00:57:48.459Z] INFO: 1306969550851407912
[2024-11-23T00:57:48.459Z] INFO: Fetching all members...
[2024-11-23T00:57:48.619Z] INFO: All members fetched
[2024-11-23T00:57:48.619Z] INFO: Fetched Members: AttendanceTest, shhmon, ripi___, _herzog, sirewald, voncloudy
[2024-11-23T00:57:48.620Z] INFO: Members with role: Napocalypse, Ripii, Hasrudiin, Ewaldi, vonCloud
[2024-11-23T00:57:48.620Z] INFO: Members with role: Napocalypse, Ripii, Hasrudiin, Ewaldi, vonCloud
[2024-11-23T01:09:59.045Z] INFO: Starting bot...
[2024-11-23T01:09:59.067Z] INFO: API Key: qu9ul8
[2024-11-23T01:09:59.071Z] INFO: Server running on port 5001
[2024-11-23T01:10:00.427Z] INFO: Logged in as AttendanceTest#9258
[2024-11-23T01:10:00.841Z] INFO: Successfully registered application (/) commands.
[2024-11-23T01:16:01.804Z] INFO: Starting bot...
[2024-11-23T01:16:01.823Z] INFO: API Key: qu9ul8
[2024-11-23T01:16:01.825Z] INFO: Server running on port 5001
[2024-11-23T01:16:08.486Z] INFO: Logged in as AttendanceTest#9258
[2024-11-23T01:16:09.078Z] INFO: Successfully registered application (/) commands.
[2024-11-23T01:17:18.094Z] INFO: Fetching all members...
[2024-11-23T01:17:18.345Z] INFO: All members fetched
[2024-11-23T01:17:18.345Z] INFO: Fetched Members: AttendanceTest, shhmon, ripi___, _herzog, sirewald, voncloudy
[2024-11-23T01:17:18.346Z] INFO: Members with role: Napocalypse, Ripii, Hasrudiin, Ewaldi, vonCloud
[2024-11-23T01:17:18.346Z] INFO: Members with role: Napocalypse, Ripii, Hasrudiin, Ewaldi, vonCloud
[2024-11-23T01:18:01.724Z] INFO: Image downloaded: /Users/szymonsamus/attendance-tracker-dev/images/1732324681238-d2cd99f1c88c39e0e908e43b655b241b.png
[2024-11-23T01:18:09.405Z] INFO: Image downloaded: /Users/szymonsamus/attendance-tracker-dev/images/1732324688918-d2cd99f1c88c39e0e908e43b655b241b.png
[2024-11-23T01:20:16.610Z] INFO: Starting bot...
[2024-11-23T01:20:16.630Z] INFO: API Key: qu9ul8
[2024-11-23T01:20:16.632Z] INFO: Server running on port 5001
[2024-11-23T01:20:23.646Z] INFO: Logged in as AttendanceTest#9258
[2024-11-23T01:20:24.360Z] INFO: Successfully registered application (/) commands.
[2024-11-23T01:21:00.818Z] INFO: Fetching all members...
[2024-11-23T01:21:01.084Z] INFO: All members fetched
[2024-11-23T01:21:01.085Z] INFO: Fetched Members: AttendanceTest, shhmon, ripi___, _herzog, sirewald, voncloudy
[2024-11-23T01:21:01.086Z] INFO: Members with role: Napocalypse, Ripii, Hasrudiin, Ewaldi, vonCloud
[2024-11-23T01:21:01.087Z] INFO: Members with role: Napocalypse, Ripii, Hasrudiin, Ewaldi, vonCloud
[2024-11-23T01:21:19.337Z] INFO: Image downloaded: /Users/szymonsamus/attendance-tracker-dev/images/1732324878898-d2cd99f1c88c39e0e908e43b655b241b.png
[2024-11-23T01:44:39.089Z] INFO: Starting bot...
[2024-11-23T01:44:39.116Z] INFO: API Key: qu9ul8
[2024-11-23T01:44:39.119Z] INFO: Server running on port 5001
[2024-11-23T01:44:45.636Z] INFO: Logged in as AttendanceTest#9258
[2024-11-23T01:44:46.100Z] INFO: Successfully registered application (/) commands.
[2024-11-23T01:45:58.907Z] INFO: Fetching all members...
[2024-11-23T01:45:59.147Z] INFO: All members fetched
[2024-11-23T01:45:59.147Z] INFO: Fetched Members: AttendanceTest, shhmon, ripi___, _herzog, sirewald, voncloudy
[2024-11-23T01:45:59.149Z] INFO: Members with role: Napocalypse, Ripii, Hasrudiin, Ewaldi, vonCloud
[2024-11-23T01:45:59.149Z] INFO: Members with role: Napocalypse, Ripii, Hasrudiin, Ewaldi, vonCloud
[2024-11-23T01:46:56.661Z] INFO: Image downloaded: /Users/szymonsamus/attendance-tracker-dev/images/1732326416226-d2cd99f1c88c39e0e908e43b655b241b.png
[2024-11-23T02:00:52.036Z] INFO: Starting bot...
[2024-11-23T02:00:52.054Z] INFO: API Key: qu9ul8
[2024-11-23T02:00:52.057Z] INFO: Server running on port 5001
[2024-11-23T02:00:54.081Z] INFO: Logged in as AttendanceTest#9258
[2024-11-23T02:00:54.447Z] INFO: Successfully registered application (/) commands.
[2024-11-23T02:01:27.661Z] INFO: Fetching all members...
[2024-11-23T02:01:27.892Z] INFO: All members fetched
[2024-11-23T02:01:27.893Z] INFO: Fetched Members: AttendanceTest, shhmon, ripi___, _herzog, sirewald, voncloudy
[2024-11-23T02:01:27.894Z] INFO: Members with role: Napocalypse, Ripii, Hasrudiin, Ewaldi, vonCloud
[2024-11-23T02:08:31.211Z] INFO: Starting bot...
[2024-11-23T02:08:31.231Z] INFO: API Key: qu9ul8
[2024-11-23T02:08:31.233Z] INFO: Server running on port 5001
[2024-11-23T02:08:38.074Z] INFO: Logged in as AttendanceTest#9258
[2024-11-23T02:08:38.681Z] INFO: Successfully registered application (/) commands.
[2024-11-23T02:09:41.461Z] INFO: Fetching all members...
[2024-11-23T02:09:41.632Z] INFO: All members fetched
[2024-11-23T02:09:41.633Z] INFO: Fetched Members: AttendanceTest, shhmon, ripi___, _herzog, sirewald, voncloudy
[2024-11-23T02:09:41.634Z] INFO: Members with role: Napocalypse, Ripii, Hasrudiin, Ewaldi, vonCloud
[2024-11-23T21:18:39.800Z] INFO: Starting bot...
[2024-11-23T21:18:39.818Z] INFO: API Key: qu9ul8
[2024-11-23T21:18:39.821Z] INFO: Server running on port 5001
[2024-11-23T21:18:46.915Z] INFO: Logged in as AttendanceTest#9258
[2024-11-23T21:18:47.493Z] INFO: Successfully registered application (/) commands.
[2024-11-23T21:19:54.249Z] INFO: Fetching all members...
[2024-11-23T21:19:54.417Z] INFO: All members fetched
[2024-11-23T21:19:54.418Z] INFO: Fetched Members: AttendanceTest, shhmon, ripi___, _herzog, sirewald, voncloudy
[2024-11-23T21:19:54.419Z] INFO: Members with role: Napocalypse, Ripii, Hasrudiin, Ewaldi, vonCloud
[2024-11-23T21:20:15.342Z] INFO: Image downloaded: /Users/szymonsamus/attendance-tracker-dev/images/1732396814893-d2cd99f1c88c39e0e908e43b655b241b.png
[2024-11-25T16:17:02.405Z] INFO: Starting bot...
[2024-11-25T16:17:02.423Z] INFO: API Key: qu9ul8
[2024-11-25T16:17:02.428Z] INFO: Server running on port 5001
[2024-11-25T16:17:03.980Z] INFO: Logged in as AttendanceTest#9258
[2024-11-25T16:17:04.283Z] INFO: Successfully registered application (/) commands.
[2024-11-25T16:19:26.737Z] ERROR: Uncaught Exception: ReferenceError: role is not defined
    at Client.<anonymous> (/Users/szymonsamus/attendance-tracker-dev/bot.js:253:108)
    at Client.emit (node:events:519:28)
    at InteractionCreateAction.handle (/Users/szymonsamus/attendance-tracker-dev/node_modules/discord.js/src/client/actions/InteractionCreate.js:97:12)
    at module.exports [as INTERACTION_CREATE] (/Users/szymonsamus/attendance-tracker-dev/node_modules/discord.js/src/client/websocket/handlers/INTERACTION_CREATE.js:4:36)
    at WebSocketManager.handlePacket (/Users/szymonsamus/attendance-tracker-dev/node_modules/discord.js/src/client/websocket/WebSocketManager.js:348:31)
    at WebSocketManager.<anonymous> (/Users/szymonsamus/attendance-tracker-dev/node_modules/discord.js/src/client/websocket/WebSocketManager.js:232:12)
    at WebSocketManager.emit (/Users/szymonsamus/attendance-tracker-dev/node_modules/@vladfrangu/async_event_emitter/dist/index.cjs:287:31)
    at WebSocketShard.<anonymous> (/Users/szymonsamus/attendance-tracker-dev/node_modules/@discordjs/ws/dist/index.js:1190:51)
    at WebSocketShard.emit (/Users/szymonsamus/attendance-tracker-dev/node_modules/@vladfrangu/async_event_emitter/dist/index.cjs:287:31)
    at WebSocketShard.onMessage (/Users/szymonsamus/attendance-tracker-dev/node_modules/@discordjs/ws/dist/index.js:1005:14)
[2024-11-25T16:21:24.182Z] INFO: Starting bot...
[2024-11-25T16:21:24.201Z] INFO: API Key: qu9ul8
[2024-11-25T16:21:24.203Z] INFO: Server running on port 5001
[2024-11-25T16:21:25.700Z] INFO: Logged in as AttendanceTest#9258
[2024-11-25T16:21:26.368Z] INFO: Successfully registered application (/) commands.
[2024-11-25T16:22:24.982Z] ERROR: Uncaught Exception: ReferenceError: role is not defined
    at Client.<anonymous> (/Users/szymonsamus/attendance-tracker-dev/bot.js:253:108)
    at Client.emit (node:events:519:28)
    at InteractionCreateAction.handle (/Users/szymonsamus/attendance-tracker-dev/node_modules/discord.js/src/client/actions/InteractionCreate.js:97:12)
    at module.exports [as INTERACTION_CREATE] (/Users/szymonsamus/attendance-tracker-dev/node_modules/discord.js/src/client/websocket/handlers/INTERACTION_CREATE.js:4:36)
    at WebSocketManager.handlePacket (/Users/szymonsamus/attendance-tracker-dev/node_modules/discord.js/src/client/websocket/WebSocketManager.js:348:31)
    at WebSocketManager.<anonymous> (/Users/szymonsamus/attendance-tracker-dev/node_modules/discord.js/src/client/websocket/WebSocketManager.js:232:12)
    at WebSocketManager.emit (/Users/szymonsamus/attendance-tracker-dev/node_modules/@vladfrangu/async_event_emitter/dist/index.cjs:287:31)
    at WebSocketShard.<anonymous> (/Users/szymonsamus/attendance-tracker-dev/node_modules/@discordjs/ws/dist/index.js:1190:51)
    at WebSocketShard.emit (/Users/szymonsamus/attendance-tracker-dev/node_modules/@vladfrangu/async_event_emitter/dist/index.cjs:287:31)
    at WebSocketShard.onMessage (/Users/szymonsamus/attendance-tracker-dev/node_modules/@discordjs/ws/dist/index.js:1005:14)
[2024-11-25T16:29:04.905Z] INFO: Starting bot...
[2024-11-25T16:29:04.928Z] INFO: API Key: qu9ul8
[2024-11-25T16:29:04.931Z] INFO: Server running on port 5001
[2024-11-25T16:29:06.408Z] INFO: Logged in as AttendanceTest#9258
[2024-11-25T16:29:06.802Z] INFO: Successfully registered application (/) commands.
[2024-11-25T16:34:37.866Z] INFO: Fetching all members...
[2024-11-25T16:34:38.048Z] INFO: All members fetched
[2024-11-25T16:34:38.049Z] INFO: Fetched Members: AttendanceTest, shhmon, ripi___, _herzog, sirewald, voncloudy
[2024-11-25T16:34:38.050Z] INFO: Members with role: Napocalypse, Ripii, Hasrudiin, Ewaldi, vonCloud
[2024-11-25T16:39:06.246Z] INFO: Image downloaded: /Users/szymonsamus/attendance-tracker-dev/images/1732552745838-d2cd99f1c88c39e0e908e43b655b241b.png
[2024-11-25T17:06:13.379Z] INFO: Starting bot...
[2024-11-25T17:06:13.401Z] INFO: API Key: qu9ul8
[2024-11-25T17:06:13.404Z] INFO: Server running on port 5001
[2024-11-25T17:06:20.863Z] INFO: Logged in as AttendanceTest#9258
[2024-11-25T17:06:21.617Z] INFO: Successfully registered application (/) commands.
[2024-11-25T17:06:54.341Z] INFO: Fetching all members...
[2024-11-25T17:06:54.536Z] INFO: All members fetched
[2024-11-25T17:06:54.537Z] INFO: Fetched Members: AttendanceTest, shhmon, ripi___, _herzog, sirewald, voncloudy
[2024-11-25T17:06:54.538Z] INFO: Members with role: Napocalypse, Ripii, Hasrudiin, Ewaldi, vonCloud
[2024-11-25T17:39:59.738Z] INFO: Starting bot...
[2024-11-25T17:39:59.759Z] INFO: API Key: qu9ul8
[2024-11-25T17:39:59.763Z] INFO: Server running on port 5001
[2024-11-25T17:40:07.283Z] INFO: Logged in as AttendanceTest#9258
[2024-11-25T17:40:08.170Z] INFO: Successfully registered application (/) commands.
[2024-11-25T17:40:53.095Z] INFO: Fetching all members...
[2024-11-25T17:40:53.263Z] INFO: All members fetched
[2024-11-25T17:40:53.263Z] INFO: Fetched Members: AttendanceTest, shhmon, ripi___, _herzog, sirewald, voncloudy
[2024-11-25T17:40:53.264Z] INFO: Members with role: Napocalypse, Ripii, Hasrudiin, Ewaldi, vonCloud
[2024-11-25T17:40:53.265Z] INFO: Members with role: [object Object], Ripii, Hasrudiin, Ewaldi, vonCloud
[2024-11-25T17:53:40.047Z] INFO: Starting bot...
[2024-11-25T17:53:40.068Z] INFO: API Key: qu9ul8
[2024-11-25T17:53:40.071Z] INFO: Server running on port 5001
[2024-11-25T17:53:46.666Z] INFO: Logged in as AttendanceTest#9258
[2024-11-25T17:53:47.159Z] INFO: Successfully registered application (/) commands.
[2024-11-25T17:54:18.222Z] INFO: Fetching all members...
[2024-11-25T17:54:18.456Z] INFO: All members fetched
[2024-11-25T17:54:18.457Z] INFO: Fetched Members: AttendanceTest, shhmon, ripi___, _herzog, sirewald, voncloudy
[2024-11-25T17:54:18.458Z] INFO: Members with role: Napocalypse, Ripii, Hasrudiin, Ewaldi, vonCloud
[2024-11-25T17:54:18.459Z] INFO: Members with role: [object Object], [object Object], [object Object], [object Object], [object Object]
[2024-11-25T18:41:23.110Z] INFO: Starting bot...
[2024-11-25T18:41:23.131Z] INFO: API Key: qu9ul8
[2024-11-25T18:41:23.134Z] INFO: Server running on port 5001
[2024-11-25T18:41:30.023Z] INFO: Logged in as AttendanceTest#9258
[2024-11-25T18:41:30.935Z] INFO: Successfully registered application (/) commands.
[2024-11-25T18:42:00.737Z] INFO: Fetching all members...
[2024-11-25T18:42:00.971Z] INFO: All members fetched
[2024-11-25T18:42:00.972Z] INFO: Fetched Members: AttendanceTest, shhmon, ripi___, _herzog, sirewald, voncloudy
[2024-11-25T18:42:00.973Z] INFO: Members with role: Napocalypse, Ripii, Hasrudiin, Ewaldi, vonCloud
[2024-11-25T18:42:00.973Z] INFO: Members with role: [object Object], [object Object], [object Object], [object Object], [object Object]
